# JRE version: OpenJDK Runtime Environment (11.0.12+7) (build 11.0.12+7-b1504.28-7817840)
# Java VM: OpenJDK 64-Bit Server VM (11.0.12+7-b1504.28-7817840, mixed mode, tiered, compressed oops, g1 gc, windows-amd64)
Heap:
 garbage-first heap   total 446464K, used 277019K [0x0000000080000000, 0x0000000100000000)
  region size 1024K, 3 young (3072K), 2 survivors (2048K)
 Metaspace       used 142008K, capacity 146358K, committed 146604K, reserved 643072K
  class space    used 18003K, capacity 19660K, committed 19712K, reserved 516096K
GC Heap History (20 events):
Event: 126.543 GC heap before
{Heap before GC invocations=77 (full 0):
 garbage-first heap   total 311296K, used 284037K [0x0000000080000000, 0x0000000100000000)
  region size 1024K, 15 young (15360K), 2 survivors (2048K)
 Metaspace       used 139630K, capacity 143940K, committed 144172K, reserved 641024K
  class space    used 17686K, capacity 19320K, committed 19328K, reserved 516096K
}
Event: 126.561 GC heap after
{Heap after GC invocations=78 (full 0):
 garbage-first heap   total 311296K, used 277849K [0x0000000080000000, 0x0000000100000000)
  region size 1024K, 2 young (2048K), 2 survivors (2048K)
 Metaspace       used 139630K, capacity 143940K, committed 144172K, reserved 641024K
  class space    used 17686K, capacity 19320K, committed 19328K, reserved 516096K
}
Event: 126.973 GC heap before
{Heap before GC invocations=78 (full 0):
 garbage-first heap   total 311296K, used 291161K [0x0000000080000000, 0x0000000100000000)
  region size 1024K, 15 young (15360K), 2 survivors (2048K)
 Metaspace       used 139633K, capacity 143940K, committed 144172K, reserved 641024K
  class space    used 17687K, capacity 19320K, committed 19328K, reserved 516096K
}
Event: 126.991 GC heap after
{Heap after GC invocations=79 (full 0):
 garbage-first heap   total 311296K, used 284898K [0x0000000080000000, 0x0000000100000000)
  region size 1024K, 2 young (2048K), 2 survivors (2048K)
 Metaspace       used 139633K, capacity 143940K, committed 144172K, reserved 641024K
  class space    used 17687K, capacity 19320K, committed 19328K, reserved 516096K
}
Event: 127.660 GC heap before
{Heap before GC invocations=80 (full 0):
 garbage-first heap   total 311296K, used 294114K [0x0000000080000000, 0x0000000100000000)
  region size 1024K, 15 young (15360K), 2 survivors (2048K)
 Metaspace       used 139555K, capacity 143819K, committed 144172K, reserved 641024K
  class space    used 17661K, capacity 19275K, committed 19328K, reserved 516096K
}
Event: 127.674 GC heap after
{Heap after GC invocations=81 (full 0):
 garbage-first heap   total 311296K, used 287903K [0x0000000080000000, 0x0000000100000000)
  region size 1024K, 2 young (2048K), 2 survivors (2048K)
 Metaspace       used 139555K, capacity 143819K, committed 144172K, reserved 641024K
  class space    used 17661K, capacity 19275K, committed 19328K, reserved 516096K
}
Event: 128.636 GC heap before
{Heap before GC invocations=81 (full 0):
 garbage-first heap   total 311296K, used 301215K [0x0000000080000000, 0x0000000100000000)
  region size 1024K, 15 young (15360K), 2 survivors (2048K)
 Metaspace       used 141219K, capacity 145522K, committed 145708K, reserved 643072K
  class space    used 17911K, capacity 19541K, committed 19584K, reserved 516096K
}
Event: 128.649 GC heap after
{Heap after GC invocations=82 (full 0):
 garbage-first heap   total 311296K, used 280178K [0x0000000080000000, 0x0000000100000000)
  region size 1024K, 2 young (2048K), 2 survivors (2048K)
 Metaspace       used 141219K, capacity 145522K, committed 145708K, reserved 643072K
  class space    used 17911K, capacity 19541K, committed 19584K, reserved 516096K
}
Event: 128.841 GC heap before
{Heap before GC invocations=82 (full 0):
 garbage-first heap   total 311296K, used 293490K [0x0000000080000000, 0x0000000100000000)
  region size 1024K, 15 young (15360K), 2 survivors (2048K)
 Metaspace       used 141234K, capacity 145593K, committed 145708K, reserved 643072K
  class space    used 17911K, capacity 19541K, committed 19584K, reserved 516096K
}
Event: 128.862 GC heap after
{Heap after GC invocations=83 (full 0):
 garbage-first heap   total 311296K, used 283485K [0x0000000080000000, 0x0000000100000000)
  region size 1024K, 2 young (2048K), 2 survivors (2048K)
 Metaspace       used 141234K, capacity 145593K, committed 145708K, reserved 643072K
  class space    used 17911K, capacity 19541K, committed 19584K, reserved 516096K
}
Event: 129.626 GC heap before
{Heap before GC invocations=83 (full 0):
 garbage-first heap   total 311296K, used 286557K [0x0000000080000000, 0x0000000100000000)
  region size 1024K, 15 young (15360K), 2 survivors (2048K)
 Metaspace       used 141721K, capacity 146073K, committed 146348K, reserved 643072K
  class space    used 17973K, capacity 19613K, committed 19712K, reserved 516096K
}
Event: 129.649 GC heap after
{Heap after GC invocations=84 (full 0):
 garbage-first heap   total 311296K, used 276160K [0x0000000080000000, 0x0000000100000000)
  region size 1024K, 2 young (2048K), 2 survivors (2048K)
 Metaspace       used 141721K, capacity 146073K, committed 146348K, reserved 643072K
  class space    used 17973K, capacity 19613K, committed 19712K, reserved 516096K
}
Event: 129.893 GC heap before
{Heap before GC invocations=84 (full 0):
 garbage-first heap   total 311296K, used 289472K [0x0000000080000000, 0x0000000100000000)
  region size 1024K, 15 young (15360K), 2 survivors (2048K)
 Metaspace       used 141765K, capacity 146134K, committed 146348K, reserved 643072K
  class space    used 17980K, capacity 19654K, committed 19712K, reserved 516096K
}
Event: 129.903 GC heap after
{Heap after GC invocations=85 (full 0):
 garbage-first heap   total 311296K, used 277387K [0x0000000080000000, 0x0000000100000000)
  region size 1024K, 2 young (2048K), 2 survivors (2048K)
 Metaspace       used 141765K, capacity 146134K, committed 146348K, reserved 643072K
  class space    used 17980K, capacity 19654K, committed 19712K, reserved 516096K
}
Event: 130.452 GC heap before
{Heap before GC invocations=86 (full 0):
 garbage-first heap   total 311296K, used 290699K [0x0000000080000000, 0x0000000100000000)
  region size 1024K, 15 young (15360K), 2 survivors (2048K)
 Metaspace       used 142000K, capacity 146358K, committed 146604K, reserved 643072K
  class space    used 18003K, capacity 19660K, committed 19712K, reserved 516096K
}
Event: 130.463 GC heap after
{Heap after GC invocations=87 (full 0):
 garbage-first heap   total 311296K, used 279243K [0x0000000080000000, 0x0000000100000000)
  region size 1024K, 2 young (2048K), 2 survivors (2048K)
 Metaspace       used 142000K, capacity 146358K, committed 146604K, reserved 643072K
  class space    used 18003K, capacity 19660K, committed 19712K, reserved 516096K
}
Event: 130.797 GC heap before
{Heap before GC invocations=87 (full 0):
 garbage-first heap   total 311296K, used 294603K [0x0000000080000000, 0x0000000100000000)
  region size 1024K, 15 young (15360K), 2 survivors (2048K)
 Metaspace       used 142006K, capacity 146358K, committed 146604K, reserved 643072K
  class space    used 18003K, capacity 19660K, committed 19712K, reserved 516096K
}
Event: 130.842 GC heap after
{Heap after GC invocations=88 (full 0):
 garbage-first heap   total 313344K, used 270638K [0x0000000080000000, 0x0000000100000000)
  region size 1024K, 2 young (2048K), 2 survivors (2048K)
 Metaspace       used 142006K, capacity 146358K, committed 146604K, reserved 643072K
  class space    used 18003K, capacity 19660K, committed 19712K, reserved 516096K
}
Event: 131.083 GC heap before
{Heap before GC invocations=88 (full 0):
 garbage-first heap   total 313344K, used 281902K [0x0000000080000000, 0x0000000100000000)
  region size 1024K, 12 young (12288K), 2 survivors (2048K)
 Metaspace       used 142008K, capacity 146358K, committed 146604K, reserved 643072K
  class space    used 18003K, capacity 19660K, committed 19712K, reserved 516096K
}
Event: 131.106 GC heap after
{Heap after GC invocations=89 (full 0):
 garbage-first heap   total 446464K, used 274971K [0x0000000080000000, 0x0000000100000000)
  region size 1024K, 2 young (2048K), 2 survivors (2048K)
 Metaspace       used 142008K, capacity 146358K, committed 146604K, reserved 643072K
  class space    used 18003K, capacity 19660K, committed 19712K, reserved 516096K
}

