# JRE version: OpenJDK Runtime Environment (11.0.12+7) (build 11.0.12+7-b1504.28-7817840)
# Java VM: OpenJDK 64-Bit Server VM (11.0.12+7-b1504.28-7817840, mixed mode, tiered, compressed oops, g1 gc, windows-amd64)
Heap:
 garbage-first heap   total 458752K, used 282198K [0x0000000080000000, 0x0000000100000000)
  region size 1024K, 24 young (24576K), 6 survivors (6144K)
 Metaspace       used 119566K, capacity 123321K, committed 123656K, reserved 622592K
  class space    used 15576K, capacity 17029K, committed 17232K, reserved 516096K
GC Heap History (20 events):
Event: 26.244 GC heap before
{Heap before GC invocations=38 (full 0):
 garbage-first heap   total 236544K, used 213391K [0x0000000080000000, 0x0000000100000000)
  region size 1024K, 40 young (40960K), 7 survivors (7168K)
 Metaspace       used 116191K, capacity 119830K, committed 119944K, reserved 620544K
  class space    used 15190K, capacity 16562K, committed 16592K, reserved 516096K
}
Event: 26.256 GC heap after
{Heap after GC invocations=39 (full 0):
 garbage-first heap   total 236544K, used 180890K [0x0000000080000000, 0x0000000100000000)
  region size 1024K, 5 young (5120K), 5 survivors (5120K)
 Metaspace       used 116191K, capacity 119830K, committed 119944K, reserved 620544K
  class space    used 15190K, capacity 16562K, committed 16592K, reserved 516096K
}
Event: 26.424 GC heap before
{Heap before GC invocations=40 (full 0):
 garbage-first heap   total 236544K, used 201370K [0x0000000080000000, 0x0000000100000000)
  region size 1024K, 26 young (26624K), 5 survivors (5120K)
 Metaspace       used 117426K, capacity 121109K, committed 121224K, reserved 620544K
  class space    used 15378K, capacity 16776K, committed 16848K, reserved 516096K
}
Event: 26.441 GC heap after
{Heap after GC invocations=41 (full 0):
 garbage-first heap   total 236544K, used 188216K [0x0000000080000000, 0x0000000100000000)
  region size 1024K, 4 young (4096K), 4 survivors (4096K)
 Metaspace       used 117426K, capacity 121109K, committed 121224K, reserved 620544K
  class space    used 15378K, capacity 16776K, committed 16848K, reserved 516096K
}
Event: 26.484 GC heap before
{Heap before GC invocations=41 (full 0):
 garbage-first heap   total 236544K, used 194360K [0x0000000080000000, 0x0000000100000000)
  region size 1024K, 11 young (11264K), 4 survivors (4096K)
 Metaspace       used 117786K, capacity 121448K, committed 121480K, reserved 622592K
  class space    used 15438K, capacity 16848K, committed 16848K, reserved 516096K
}
Event: 26.500 GC heap after
{Heap after GC invocations=42 (full 0):
 garbage-first heap   total 285696K, used 190430K [0x0000000080000000, 0x0000000100000000)
  region size 1024K, 2 young (2048K), 2 survivors (2048K)
 Metaspace       used 117786K, capacity 121448K, committed 121480K, reserved 622592K
  class space    used 15438K, capacity 16848K, committed 16848K, reserved 516096K
}
Event: 26.885 GC heap before
{Heap before GC invocations=42 (full 0):
 garbage-first heap   total 285696K, used 220126K [0x0000000080000000, 0x0000000100000000)
  region size 1024K, 30 young (30720K), 2 survivors (2048K)
 Metaspace       used 119007K, capacity 122788K, committed 123144K, reserved 622592K
  class space    used 15597K, capacity 17076K, committed 17232K, reserved 516096K
}
Event: 26.907 GC heap after
{Heap after GC invocations=43 (full 0):
 garbage-first heap   total 285696K, used 200883K [0x0000000080000000, 0x0000000100000000)
  region size 1024K, 4 young (4096K), 4 survivors (4096K)
 Metaspace       used 119007K, capacity 122788K, committed 123144K, reserved 622592K
  class space    used 15597K, capacity 17076K, committed 17232K, reserved 516096K
}
Event: 27.117 GC heap before
{Heap before GC invocations=44 (full 0):
 garbage-first heap   total 285696K, used 225459K [0x0000000080000000, 0x0000000100000000)
  region size 1024K, 29 young (29696K), 4 survivors (4096K)
 Metaspace       used 119176K, capacity 122989K, committed 123400K, reserved 622592K
  class space    used 15597K, capacity 17076K, committed 17232K, reserved 516096K
}
Event: 27.137 GC heap after
{Heap after GC invocations=45 (full 0):
 garbage-first heap   total 285696K, used 212974K [0x0000000080000000, 0x0000000100000000)
  region size 1024K, 4 young (4096K), 4 survivors (4096K)
 Metaspace       used 119176K, capacity 122989K, committed 123400K, reserved 622592K
  class space    used 15597K, capacity 17076K, committed 17232K, reserved 516096K
}
Event: 27.220 GC heap before
{Heap before GC invocations=45 (full 0):
 garbage-first heap   total 285696K, used 233454K [0x0000000080000000, 0x0000000100000000)
  region size 1024K, 24 young (24576K), 4 survivors (4096K)
 Metaspace       used 119195K, capacity 122991K, committed 123400K, reserved 622592K
  class space    used 15597K, capacity 17076K, committed 17232K, reserved 516096K
}
Event: 27.241 GC heap after
{Heap after GC invocations=46 (full 0):
 garbage-first heap   total 285696K, used 224222K [0x0000000080000000, 0x0000000100000000)
  region size 1024K, 3 young (3072K), 3 survivors (3072K)
 Metaspace       used 119195K, capacity 122991K, committed 123400K, reserved 622592K
  class space    used 15597K, capacity 17076K, committed 17232K, reserved 516096K
}
Event: 27.350 GC heap before
{Heap before GC invocations=46 (full 0):
 garbage-first heap   total 285696K, used 239582K [0x0000000080000000, 0x0000000100000000)
  region size 1024K, 18 young (18432K), 3 survivors (3072K)
 Metaspace       used 119205K, capacity 122992K, committed 123400K, reserved 622592K
  class space    used 15597K, capacity 17076K, committed 17232K, reserved 516096K
}
Event: 27.369 GC heap after
{Heap after GC invocations=47 (full 0):
 garbage-first heap   total 458752K, used 232221K [0x0000000080000000, 0x0000000100000000)
  region size 1024K, 3 young (3072K), 3 survivors (3072K)
 Metaspace       used 119205K, capacity 122992K, committed 123400K, reserved 622592K
  class space    used 15597K, capacity 17076K, committed 17232K, reserved 516096K
}
Event: 28.036 GC heap before
{Heap before GC invocations=48 (full 0):
 garbage-first heap   total 458752K, used 295709K [0x0000000080000000, 0x0000000100000000)
  region size 1024K, 66 young (67584K), 3 survivors (3072K)
 Metaspace       used 119368K, capacity 123090K, committed 123400K, reserved 622592K
  class space    used 15573K, capacity 17026K, committed 17232K, reserved 516096K
}
Event: 28.074 GC heap after
{Heap after GC invocations=49 (full 0):
 garbage-first heap   total 458752K, used 256264K [0x0000000080000000, 0x0000000100000000)
  region size 1024K, 9 young (9216K), 9 survivors (9216K)
 Metaspace       used 119368K, capacity 123090K, committed 123400K, reserved 622592K
  class space    used 15573K, capacity 17026K, committed 17232K, reserved 516096K
}
Event: 28.382 GC heap before
{Heap before GC invocations=49 (full 0):
 garbage-first heap   total 458752K, used 294152K [0x0000000080000000, 0x0000000100000000)
  region size 1024K, 48 young (49152K), 9 survivors (9216K)
 Metaspace       used 119475K, capacity 123243K, committed 123656K, reserved 622592K
  class space    used 15575K, capacity 17028K, committed 17232K, reserved 516096K
}
Event: 28.405 GC heap after
{Heap after GC invocations=50 (full 0):
 garbage-first heap   total 458752K, used 262767K [0x0000000080000000, 0x0000000100000000)
  region size 1024K, 5 young (5120K), 5 survivors (5120K)
 Metaspace       used 119475K, capacity 123243K, committed 123656K, reserved 622592K
  class space    used 15575K, capacity 17028K, committed 17232K, reserved 516096K
}
Event: 29.507 GC heap before
{Heap before GC invocations=51 (full 0):
 garbage-first heap   total 458752K, used 305775K [0x0000000080000000, 0x0000000100000000)
  region size 1024K, 54 young (55296K), 5 survivors (5120K)
 Metaspace       used 119557K, capacity 123320K, committed 123656K, reserved 622592K
  class space    used 15576K, capacity 17029K, committed 17232K, reserved 516096K
}
Event: 29.528 GC heap after
{Heap after GC invocations=52 (full 0):
 garbage-first heap   total 458752K, used 261718K [0x0000000080000000, 0x0000000100000000)
  region size 1024K, 6 young (6144K), 6 survivors (6144K)
 Metaspace       used 119557K, capacity 123320K, committed 123656K, reserved 622592K
  class space    used 15576K, capacity 17029K, committed 17232K, reserved 516096K
}

